This is pdfTeX, Version 3.14159265-2.6-1.40.16 (TeX Live 2015) (preloaded format=pdflatex 2015.10.4)  9 FEB 2016 10:23
entering extended mode
 restricted \write18 enabled.
 file:line:error style messages enabled.
 %&-line parsing enabled.
**STAT_W4400_HW1.tex
(./STAT_W4400_HW1.tex
LaTeX2e <2015/10/01> patch level 1
Babel <3.9m> and hyphenation patterns for 79 languages loaded.
(../util/ColumbiaAssm.cls

LaTeX Warning: You have requested document class `../util/ColumbiaAssm',
               but the document class provides `ColumbiaAssm'.

Document Class: ColumbiaAssm 2004/10/15 v1.0 ETH Uebung
(/usr/local/texlive/2015/texmf-dist/tex/latex/base/inputenc.sty
Package: inputenc 2015/03/17 v1.2c Input encoding file
\inpenc@prehook=\toks14
\inpenc@posthook=\toks15

(/usr/local/texlive/2015/texmf-dist/tex/latex/base/latin1.def
File: latin1.def 2015/03/17 v1.2c Input encoding file
))
(/usr/local/texlive/2015/texmf-dist/tex/latex/exam/exam.cls
Document Class: exam 2015/05/07 Version 2.5 by Philip Hirschhorn
(/usr/local/texlive/2015/texmf-dist/tex/latex/base/ifthen.sty
Package: ifthen 2014/09/29 v1.1c Standard LaTeX ifthen package (DPC)
)
(/usr/local/texlive/2015/texmf-dist/tex/latex/base/article.cls
Document Class: article 2014/09/29 v1.4h Standard LaTeX document class
(/usr/local/texlive/2015/texmf-dist/tex/latex/base/size11.clo
File: size11.clo 2014/09/29 v1.4h Standard LaTeX file (size option)
)
\c@part=\count79
\c@section=\count80
\c@subsection=\count81
\c@subsubsection=\count82
\c@paragraph=\count83
\c@subparagraph=\count84
\c@figure=\count85
\c@table=\count86
\abovecaptionskip=\skip41
\belowcaptionskip=\skip42
\bibindent=\dimen102
)
\@extrawidth=\skip43
\@rightmargin=\skip44
\@extrahead=\skip45
\@extrafoot=\skip46
\run@exhd=\skip47
\fp@exhd=\skip48
\run@exft=\skip49
\fp@exft=\skip50
\covrun@exhd=\skip51
\covfp@exhd=\skip52
\covrun@exft=\skip53
\covfp@exft=\skip54
\c@num@coverpages=\count87
\c@latest@ques=\count88
\c@ques@end=\count89
\c@last@object=\count90
\c@incmp@ques=\count91
\c@next@ques=\count92
\c@next@page=\count93
\c@tmp@hlfcntr=\count94
\c@ifpos@cntr=\count95
\c@question=\count96
\c@partno=\count97
\c@subpart=\count98
\c@subsubpart=\count99
\c@choice=\count100
\c@numpoints=\count101
\c@numbonuspoints=\count102
\c@pointsof@thisquestion=\count103
\c@bonuspointsof@thisquestion=\count104
\c@numquestions=\count105
\c@numparts=\count106
\c@numsubparts=\count107
\c@numsubsubparts=\count108
\c@Curr@Page=\count109
\c@@pagepoints=\count110
\c@@pagebonuspoints=\count111
\c@pageof@pagepoints=\count112
\c@pageof@pagebonuspoints=\count113
\c@latest@points=\count114
\c@latest@bonuspoints=\count115
\pageinfo@commands=\toks16
\temp@toks=\toks17
\pagepoint@commands=\toks18
\point@toks=\toks19
\c@ques@object=\count116
\marginpointssep=\skip55
\rightpointsmargin=\skip56
\choice@toks=\toks20
\answerlinelength=\skip57
\answerskip=\skip58
\answerclearance=\skip59
\fillinlinelength=\skip60
\linefillheight=\skip61
\linefillthickness=\skip62
\dottedlinefillheight=\skip63
\gridsize=\skip64
\gridlinewidth=\skip65
\minboxheight=\skip66
\c@@iterator=\count117
\@cellwidth=\skip67
\c@tbl@points=\count118
\c@tbl@bonuspoints=\count119
\c@num@cols=\count120
\exam@box=\box26
\saved@totalleftmargin=\dimen103
\@sollistdepth=\count121
\FrameRule=\dimen104
\FrameSep=\dimen105
))
(../util/W4400Student.sty)
(/usr/local/texlive/2015/texmf-dist/tex/generic/babel/babel.sty
Package: babel 2015/08/03 3.9m The Babel package

(/usr/local/texlive/2015/texmf-dist/tex/generic/babel-english/english.ldf
Language: english 2012/08/20 v3.3p English support from the babel system

(/usr/local/texlive/2015/texmf-dist/tex/generic/babel/babel.def
File: babel.def 2015/08/03 3.9m Babel common definitions
\babel@savecnt=\count122
\U@D=\dimen106
)
\l@canadian = a dialect from \language\l@american 
\l@australian = a dialect from \language\l@british 
\l@newzealand = a dialect from \language\l@british 
))
(/usr/local/texlive/2015/texmf-dist/tex/latex/graphics/color.sty
Package: color 2014/10/28 v1.1a Standard LaTeX Color (DPC)

(/usr/local/texlive/2015/texmf-dist/tex/latex/latexconfig/color.cfg
File: color.cfg 2007/01/18 v1.5 color configuration of teTeX/TeXLive
)
Package color Info: Driver file: pdftex.def on input line 142.

(/usr/local/texlive/2015/texmf-dist/tex/latex/pdftex-def/pdftex.def
File: pdftex.def 2011/05/27 v0.06d Graphics/color for pdfTeX

(/usr/local/texlive/2015/texmf-dist/tex/generic/oberdiek/infwarerr.sty
Package: infwarerr 2010/04/08 v1.3 Providing info/warning/error messages (HO)
)
(/usr/local/texlive/2015/texmf-dist/tex/generic/oberdiek/ltxcmds.sty
Package: ltxcmds 2011/11/09 v1.22 LaTeX kernel commands for general use (HO)
)
\Gread@gobject=\count123
))
(/usr/local/texlive/2015/texmf-dist/tex/latex/base/latexsym.sty
Package: latexsym 1998/08/17 v2.2e Standard LaTeX package (lasy symbols)
\symlasy=\mathgroup4
LaTeX Font Info:    Overwriting symbol font `lasy' in version `bold'
(Font)                  U/lasy/m/n --> U/lasy/b/n on input line 52.
)
(/usr/local/texlive/2015/texmf-dist/tex/latex/amsmath/amsmath.sty
Package: amsmath 2013/01/14 v2.14 AMS math features
\@mathmargin=\skip68

For additional information on amsmath, use the `?' option.
(/usr/local/texlive/2015/texmf-dist/tex/latex/amsmath/amstext.sty
Package: amstext 2000/06/29 v2.01

(/usr/local/texlive/2015/texmf-dist/tex/latex/amsmath/amsgen.sty
File: amsgen.sty 1999/11/30 v2.0
\@emptytoks=\toks21
\ex@=\dimen107
))
(/usr/local/texlive/2015/texmf-dist/tex/latex/amsmath/amsbsy.sty
Package: amsbsy 1999/11/29 v1.2d
\pmbraise@=\dimen108
)
(/usr/local/texlive/2015/texmf-dist/tex/latex/amsmath/amsopn.sty
Package: amsopn 1999/12/14 v2.01 operator names
)
\inf@bad=\count124
LaTeX Info: Redefining \frac on input line 210.
\uproot@=\count125
\leftroot@=\count126
LaTeX Info: Redefining \overline on input line 306.
\classnum@=\count127
\DOTSCASE@=\count128
LaTeX Info: Redefining \ldots on input line 378.
LaTeX Info: Redefining \dots on input line 381.
LaTeX Info: Redefining \cdots on input line 466.
\Mathstrutbox@=\box27
\strutbox@=\box28
\big@size=\dimen109
LaTeX Font Info:    Redeclaring font encoding OML on input line 566.
LaTeX Font Info:    Redeclaring font encoding OMS on input line 567.
\macc@depth=\count129
\c@MaxMatrixCols=\count130
\dotsspace@=\muskip10
\c@parentequation=\count131
\dspbrk@lvl=\count132
\tag@help=\toks22
\row@=\count133
\column@=\count134
\maxfields@=\count135
\andhelp@=\toks23
\eqnshift@=\dimen110
\alignsep@=\dimen111
\tagshift@=\dimen112
\tagwidth@=\dimen113
\totwidth@=\dimen114
\lineht@=\dimen115
\@envbody=\toks24
\multlinegap=\skip69
\multlinetaggap=\skip70
\mathdisplay@stack=\toks25
LaTeX Info: Redefining \[ on input line 2665.
LaTeX Info: Redefining \] on input line 2666.
)
(/usr/local/texlive/2015/texmf-dist/tex/latex/amsfonts/amsfonts.sty
Package: amsfonts 2013/01/14 v3.01 Basic AMSFonts support
\symAMSa=\mathgroup5
\symAMSb=\mathgroup6
LaTeX Font Info:    Overwriting math alphabet `\mathfrak' in version `bold'
(Font)                  U/euf/m/n --> U/euf/b/n on input line 106.
)
(/usr/local/texlive/2015/texmf-dist/tex/latex/amsfonts/amssymb.sty
Package: amssymb 2013/01/14 v3.01 AMS font symbols
)
(/usr/local/texlive/2015/texmf-dist/tex/latex/eepic/epic.sty
Enhancements to Picture Environment. Version 1.2 - Released June 1, 1986
\@@multicnt=\count136
\d@lta=\count137
\@delta=\dimen116
\@@delta=\dimen117
\@gridcnt=\count138
\@joinkind=\count139
\@dotgap=\dimen118
\@ddotgap=\dimen119
\@x@diff=\count140
\@y@diff=\count141
\x@diff=\dimen120
\y@diff=\dimen121
\@dotbox=\box29
\num@segments=\count142
\num@segmentsi=\count143
\@datafile=\read1
) (/usr/local/texlive/2015/texmf-dist/tex/latex/eepic/eepic.sty
Extension to Epic and LaTeX. Version 1.1e - Released Dec 21, 1999
\@gphlinewidth=\count144
\@eepictcnt=\count145
\@tempdimc=\dimen122
\maxovaldiam=\dimen123
\@filltype=\box30
) (/usr/local/texlive/2015/texmf-dist/tex/latex/graphics/epsfig.sty
Package: epsfig 1999/02/16 v1.7a (e)psfig emulation (SPQR)

(/usr/local/texlive/2015/texmf-dist/tex/latex/graphics/graphicx.sty
Package: graphicx 2014/10/28 v1.0g Enhanced LaTeX Graphics (DPC,SPQR)

(/usr/local/texlive/2015/texmf-dist/tex/latex/graphics/keyval.sty
Package: keyval 2014/10/28 v1.15 key=value parser (DPC)
\KV@toks@=\toks26
)
(/usr/local/texlive/2015/texmf-dist/tex/latex/graphics/graphics.sty
Package: graphics 2014/10/28 v1.0p Standard LaTeX Graphics (DPC,SPQR)

(/usr/local/texlive/2015/texmf-dist/tex/latex/graphics/trig.sty
Package: trig 1999/03/16 v1.09 sin cos tan (DPC)
)
(/usr/local/texlive/2015/texmf-dist/tex/latex/latexconfig/graphics.cfg
File: graphics.cfg 2010/04/23 v1.9 graphics configuration of TeX Live
)
Package graphics Info: Driver file: pdftex.def on input line 94.
)
\Gin@req@height=\dimen124
\Gin@req@width=\dimen125
)
\epsfxsize=\dimen126
\epsfysize=\dimen127
)

LaTeX Warning: Unused global option(s):
    [letter].

(./STAT_W4400_HW1.aux)
\openout1 = `STAT_W4400_HW1.aux'.

LaTeX Font Info:    Checking defaults for OML/cmm/m/it on input line 27.
LaTeX Font Info:    ... okay on input line 27.
LaTeX Font Info:    Checking defaults for T1/cmr/m/n on input line 27.
LaTeX Font Info:    ... okay on input line 27.
LaTeX Font Info:    Checking defaults for OT1/cmr/m/n on input line 27.
LaTeX Font Info:    ... okay on input line 27.
LaTeX Font Info:    Checking defaults for OMS/cmsy/m/n on input line 27.
LaTeX Font Info:    ... okay on input line 27.
LaTeX Font Info:    Checking defaults for OMX/cmex/m/n on input line 27.
LaTeX Font Info:    ... okay on input line 27.
LaTeX Font Info:    Checking defaults for U/cmr/m/n on input line 27.
LaTeX Font Info:    ... okay on input line 27.

(/usr/local/texlive/2015/texmf-dist/tex/context/base/supp-pdf.mkii
[Loading MPS to PDF converter (version 2006.09.02).]
\scratchcounter=\count146
\scratchdimen=\dimen128
\scratchbox=\box31
\nofMPsegments=\count147
\nofMParguments=\count148
\everyMPshowfont=\toks27
\MPscratchCnt=\count149
\MPscratchDim=\dimen129
\MPnumerator=\count150
\makeMPintoPDFobject=\count151
\everyMPtoPDFconversion=\toks28
) (/usr/local/texlive/2015/texmf-dist/tex/generic/oberdiek/pdftexcmds.sty
Package: pdftexcmds 2011/11/29 v0.20 Utility functions of pdfTeX for LuaTeX (HO
)

(/usr/local/texlive/2015/texmf-dist/tex/generic/oberdiek/ifluatex.sty
Package: ifluatex 2010/03/01 v1.3 Provides the ifluatex switch (HO)
Package ifluatex Info: LuaTeX not detected.
)
(/usr/local/texlive/2015/texmf-dist/tex/generic/oberdiek/ifpdf.sty
Package: ifpdf 2011/01/30 v2.3 Provides the ifpdf switch (HO)
Package ifpdf Info: pdfTeX in PDF mode is detected.
)
Package pdftexcmds Info: LuaTeX not detected.
Package pdftexcmds Info: \pdf@primitive is available.
Package pdftexcmds Info: \pdf@ifprimitive is available.
Package pdftexcmds Info: \pdfdraftmode found.
)
(/usr/local/texlive/2015/texmf-dist/tex/latex/oberdiek/epstopdf-base.sty
Package: epstopdf-base 2010/02/09 v2.5 Base part for package epstopdf

(/usr/local/texlive/2015/texmf-dist/tex/latex/oberdiek/grfext.sty
Package: grfext 2010/08/19 v1.1 Manage graphics extensions (HO)

(/usr/local/texlive/2015/texmf-dist/tex/generic/oberdiek/kvdefinekeys.sty
Package: kvdefinekeys 2011/04/07 v1.3 Define keys (HO)
))
(/usr/local/texlive/2015/texmf-dist/tex/latex/oberdiek/kvoptions.sty
Package: kvoptions 2011/06/30 v3.11 Key value format for package options (HO)

(/usr/local/texlive/2015/texmf-dist/tex/generic/oberdiek/kvsetkeys.sty
Package: kvsetkeys 2012/04/25 v1.16 Key value parser (HO)

(/usr/local/texlive/2015/texmf-dist/tex/generic/oberdiek/etexcmds.sty
Package: etexcmds 2011/02/16 v1.5 Avoid name clashes with e-TeX commands (HO)
Package etexcmds Info: Could not find \expanded.
(etexcmds)             That can mean that you are not using pdfTeX 1.50 or
(etexcmds)             that some package has redefined \expanded.
(etexcmds)             In the latter case, load this package earlier.
)))
Package grfext Info: Graphics extension search list:
(grfext)             [.png,.pdf,.jpg,.mps,.jpeg,.jbig2,.jb2,.PNG,.PDF,.JPG,.JPE
G,.JBIG2,.JB2,.eps]
(grfext)             \AppendGraphicsExtensions on input line 452.

(/usr/local/texlive/2015/texmf-dist/tex/latex/latexconfig/epstopdf-sys.cfg
File: epstopdf-sys.cfg 2010/07/13 v1.3 Configuration of (r)epstopdf for TeX Liv
e
))
Underfull \hbox (badness 10000) in paragraph at lines 29--29

 []


Underfull \hbox (badness 10000) in paragraph at lines 29--29

 []


Underfull \hbox (badness 10000) in paragraph at lines 29--29

 []


Underfull \hbox (badness 10000) in paragraph at lines 29--29

 []


Underfull \hbox (badness 10000) in paragraph at lines 29--29

 []


Underfull \hbox (badness 10000) in paragraph at lines 29--29

 []

(../util/ml-defs.tex)
LaTeX Font Info:    Try loading font information for U+lasy on input line 55.

(/usr/local/texlive/2015/texmf-dist/tex/latex/base/ulasy.fd
File: ulasy.fd 1998/08/17 v2.2e LaTeX symbol font definitions
)
LaTeX Font Info:    Try loading font information for U+msa on input line 55.

(/usr/local/texlive/2015/texmf-dist/tex/latex/amsfonts/umsa.fd
File: umsa.fd 2013/01/14 v3.01 AMS symbols A
)
LaTeX Font Info:    Try loading font information for U+msb on input line 55.

(/usr/local/texlive/2015/texmf-dist/tex/latex/amsfonts/umsb.fd
File: umsb.fd 2013/01/14 v3.01 AMS symbols B
)

LaTeX Font Warning: Font shape `OT1/cmss/m/it' in size <10.95> not available
(Font)              Font shape `OT1/cmss/m/sl' tried instead on input line 82.


Overfull \hbox (0.84462pt too wide) in paragraph at lines 82--89
\OT1/cmss/m/n/10.95 1b. $[] \OT1/cmr/m/n/10.95 = [] [](\OML/cmm/m/it/10.95 y\OM
S/cmsy/m/n/10.95 j\OT1/cmr/bx/n/10.95 x[]\OT1/cmr/m/n/10.95 ) = [] [](\OT1/cmr/
bx/n/10.95 x[]\OMS/cmsy/m/n/10.95 j\OML/cmm/m/it/10.95 y\OT1/cmr/m/n/10.95 ) []
(\OML/cmm/m/it/10.95 y\OT1/cmr/m/n/10.95 )$\OT1/cmss/m/n/10.95 , $[]\OT1/cmr/m/
n/10.95 (\OML/cmm/m/it/10.95 y\OT1/cmr/m/n/10.95 ) = []\OML/cmm/m/it/10.95 e[]$
 
 []

[1

{/usr/local/texlive/2015/texmf-var/fonts/map/pdftex/updmap/pdftex.map}]

LaTeX Font Warning: Font shape `OT1/cmss/m/it' in size <9> not available
(Font)              Font shape `OT1/cmss/m/sl' tried instead on input line 121.


<analytic_mle__1.pdf, id=22, 471.7625pt x 377.41pt>
File: analytic_mle__1.pdf Graphic file (type pdf)
 <use analytic_mle__1.pdf>
Package pdftex.def Info: analytic_mle__1.pdf used on input line 137.
(pdftex.def)             Requested size: 142.26378pt x 113.81126pt.

<analytic_mle__2.pdf, id=23, 475.7775pt x 377.41pt>
File: analytic_mle__2.pdf Graphic file (type pdf)
 <use analytic_mle__2.pdf>
Package pdftex.def Info: analytic_mle__2.pdf used on input line 138.
(pdftex.def)             Requested size: 142.26378pt x 112.84955pt.

<analytic_mle__3.pdf, id=24, 471.7625pt x 377.41pt>
File: analytic_mle__3.pdf Graphic file (type pdf)
 <use analytic_mle__3.pdf>
Package pdftex.def Info: analytic_mle__3.pdf used on input line 139.
(pdftex.def)             Requested size: 142.26378pt x 113.81126pt.

[2 <./analytic_mle__1.pdf> <./analytic_mle__2.pdf> <./analytic_mle__3.pdf>]
LaTeX Font Info:    Try loading font information for OMS+cmss on input line 161
.
LaTeX Font Info:    No file OMScmss.fd. on input line 161.


LaTeX Font Warning: Font shape `OMS/cmss/m/n' undefined
(Font)              using `OMS/cmsy/m/n' instead
(Font)              for symbol `textbullet' on input line 161.


Underfull \hbox (badness 10000) in paragraph at lines 212--220

 []

[3] [4]
Underfull \hbox (badness 10000) in paragraph at lines 287--288

 []


Underfull \hbox (badness 10000) in paragraph at lines 289--290

 []


Underfull \hbox (badness 10000) in paragraph at lines 291--292

 []

[5] [6]
This exam contains 4 questions with 6 parts, 0 subparts, and 0 subsubparts.
This exam has a total of 110 points.
This exam has a total of 0 bonus points.
(./STAT_W4400_HW1.aux)

LaTeX Font Warning: Some font shapes were not available, defaults substituted.

 ) 
Here is how much of TeX's memory you used:
 4225 strings out of 493054
 56315 string characters out of 6134760
 148174 words of memory out of 5000000
 7648 multiletter control sequences out of 15000+600000
 15959 words of font info for 62 fonts, out of 8000000 for 9000
 1141 hyphenation exceptions out of 8191
 37i,10n,25p,989b,419s stack positions out of 5000i,500n,10000p,200000b,80000s
</usr/local/texlive/2015/texmf-dist/fonts/type1/public/amsfonts/cm/cmbx10.pfb
></usr/local/texlive/2015/texmf-dist/fonts/type1/public/amsfonts/cm/cmbx9.pfb><
/usr/local/texlive/2015/texmf-dist/fonts/type1/public/amsfonts/cm/cmex10.pfb></
usr/local/texlive/2015/texmf-dist/fonts/type1/public/amsfonts/cmextra/cmex8.pfb
></usr/local/texlive/2015/texmf-dist/fonts/type1/public/amsfonts/cmextra/cmex9.
pfb></usr/local/texlive/2015/texmf-dist/fonts/type1/public/amsfonts/cm/cmmi10.p
fb></usr/local/texlive/2015/texmf-dist/fonts/type1/public/amsfonts/cm/cmmi6.pfb
></usr/local/texlive/2015/texmf-dist/fonts/type1/public/amsfonts/cm/cmmi8.pfb><
/usr/local/texlive/2015/texmf-dist/fonts/type1/public/amsfonts/cm/cmmi9.pfb></u
sr/local/texlive/2015/texmf-dist/fonts/type1/public/amsfonts/cm/cmr10.pfb></usr
/local/texlive/2015/texmf-dist/fonts/type1/public/amsfonts/cm/cmr6.pfb></usr/lo
cal/texlive/2015/texmf-dist/fonts/type1/public/amsfonts/cm/cmr8.pfb></usr/local
/texlive/2015/texmf-dist/fonts/type1/public/amsfonts/cm/cmr9.pfb></usr/local/te
xlive/2015/texmf-dist/fonts/type1/public/amsfonts/cm/cmss10.pfb></usr/local/tex
live/2015/texmf-dist/fonts/type1/public/amsfonts/cm/cmss8.pfb></usr/local/texli
ve/2015/texmf-dist/fonts/type1/public/amsfonts/cm/cmss9.pfb></usr/local/texlive
/2015/texmf-dist/fonts/type1/public/amsfonts/cm/cmssbx10.pfb></usr/local/texliv
e/2015/texmf-dist/fonts/type1/public/amsfonts/cm/cmssi10.pfb></usr/local/texliv
e/2015/texmf-dist/fonts/type1/public/amsfonts/cm/cmssi9.pfb></usr/local/texlive
/2015/texmf-dist/fonts/type1/public/amsfonts/cm/cmsy10.pfb></usr/local/texlive/
2015/texmf-dist/fonts/type1/public/amsfonts/cm/cmsy6.pfb></usr/local/texlive/20
15/texmf-dist/fonts/type1/public/amsfonts/cm/cmsy8.pfb></usr/local/texlive/2015
/texmf-dist/fonts/type1/public/amsfonts/cm/cmsy9.pfb></usr/local/texlive/2015/t
exmf-dist/fonts/type1/public/amsfonts/symbols/msbm10.pfb>
Output written on STAT_W4400_HW1.pdf (6 pages, 278680 bytes).
PDF statistics:
 131 PDF objects out of 1000 (max. 8388607)
 95 compressed objects within 1 object stream
 0 named destinations out of 1000 (max. 500000)
 16 words of extra memory for PDF output out of 10000 (max. 10000000)

